app/build/intermediates/manifest_merge_blame_file/debug/manifest-merger-blame-debug-report.txt
1<?xml version="1.0" encoding="utf-8"?>
2<manifest xmlns:android="http://schemas.android.com/apk/res/android"
3    package="com.ksbm_astroexpert"
4    android:versionCode="2"
5    android:versionName="1.1" >
6
7    <uses-sdk
8        android:minSdkVersion="21"
8-->src\main\AndroidManifest.xml
9        android:targetSdkVersion="30" />
9-->src\main\AndroidManifest.xml
10
11    <uses-permission android:name="android.permission.ACCESS_NETWORK_STATE" />
11-->src\main\AndroidManifest.xml:6:5-79
11-->src\main\AndroidManifest.xml:6:22-76
12    <uses-permission android:name="android.permission.ACCESS_NETWORK_STATE" />
12-->src\main\AndroidManifest.xml:6:5-79
12-->src\main\AndroidManifest.xml:6:22-76
13    <uses-permission android:name="android.permission.INTERNET" />
13-->src\main\AndroidManifest.xml:8:5-67
13-->src\main\AndroidManifest.xml:8:22-64
14    <uses-permission android:name="android.permission.CAMERA" />
14-->src\main\AndroidManifest.xml:9:5-65
14-->src\main\AndroidManifest.xml:9:22-62
15    <uses-permission android:name="android.permission.READ_EXTERNAL_STORAGE" />
15-->src\main\AndroidManifest.xml:10:5-80
15-->src\main\AndroidManifest.xml:10:22-77
16    <uses-permission android:name="android.permission.WRITE_EXTERNAL_STORAGE" />
16-->src\main\AndroidManifest.xml:11:5-81
16-->src\main\AndroidManifest.xml:11:22-78
17
18    <supports-screens
18-->src\main\AndroidManifest.xml:13:5-18:40
19        android:anyDensity="true"
19-->src\main\AndroidManifest.xml:14:9-34
20        android:largeScreens="true"
20-->src\main\AndroidManifest.xml:15:9-36
21        android:normalScreens="true"
21-->src\main\AndroidManifest.xml:16:9-37
22        android:smallScreens="true"
22-->src\main\AndroidManifest.xml:17:9-36
23        android:xlargeScreens="true" />
23-->src\main\AndroidManifest.xml:18:9-37
24
25    <uses-permission android:name="android.permission.ACCESS_WIFI_STATE" /> <!-- Require below permissions for reading sms and otp assist feature -->
25-->[com.payumoney.core:payumoney-sdk:7.6.0] AndroidManifest.xml:13:5-76
25-->[com.payumoney.core:payumoney-sdk:7.6.0] AndroidManifest.xml:13:22-73
26    <!--
27    <uses-permission android:name="android.permission.READ_SMS" />
28    <uses-permission android:name="android.permission.READ_PHONE_STATE" />
29    -->
30    <uses-feature
30-->[com.payumoney.core:payumoney-sdk:7.6.0] AndroidManifest.xml:24:5-26:36
31        android:name="android.hardware.telephony"
31-->[com.payumoney.core:payumoney-sdk:7.6.0] AndroidManifest.xml:25:9-50
32        android:required="false" />
32-->[com.payumoney.core:payumoney-sdk:7.6.0] AndroidManifest.xml:26:9-33
33
34    <uses-permission android:name="android.permission.WAKE_LOCK" /> <!-- Required by older versions of Google Play services to create IID tokens -->
34-->[com.google.firebase:firebase-iid:20.2.3] AndroidManifest.xml:24:5-68
34-->[com.google.firebase:firebase-iid:20.2.3] AndroidManifest.xml:24:22-65
35    <uses-permission android:name="com.google.android.c2dm.permission.RECEIVE" />
35-->[com.google.firebase:firebase-iid:20.2.3] AndroidManifest.xml:26:5-82
35-->[com.google.firebase:firebase-iid:20.2.3] AndroidManifest.xml:26:22-79
36    <uses-permission android:name="com.google.android.finsky.permission.BIND_GET_INSTALL_REFERRER_SERVICE" />
36-->[com.google.android.gms:play-services-measurement:17.4.4] AndroidManifest.xml:26:5-110
36-->[com.google.android.gms:play-services-measurement:17.4.4] AndroidManifest.xml:26:22-107
37
38    <application
38-->src\main\AndroidManifest.xml:20:5-226:19
39        android:name="com.ksbm_astroexpert.App"
39-->src\main\AndroidManifest.xml:21:9-28
40        android:allowBackup="true"
40-->src\main\AndroidManifest.xml:22:9-35
41        android:appComponentFactory="androidx.core.app.CoreComponentFactory"
41-->[androidx.core:core:1.2.0] AndroidManifest.xml:24:18-86
42        android:debuggable="true"
43        android:fullBackupContent="false"
43-->src\main\AndroidManifest.xml:23:9-42
44        android:icon="@mipmap/ic_launcher1"
44-->src\main\AndroidManifest.xml:24:9-44
45        android:label="@string/app_name"
45-->src\main\AndroidManifest.xml:25:9-41
46        android:requestLegacyExternalStorage="true"
46-->src\main\AndroidManifest.xml:26:9-52
47        android:roundIcon="@mipmap/ic_launcher1_round"
47-->src\main\AndroidManifest.xml:27:9-55
48        android:supportsRtl="true"
48-->src\main\AndroidManifest.xml:28:9-35
49        android:testOnly="true"
50        android:theme="@style/AppTheme"
50-->src\main\AndroidManifest.xml:29:9-40
51        android:usesCleartextTraffic="true"
51-->src\main\AndroidManifest.xml:30:9-44
52        android:windowSoftInputMode="adjustPan" >
52-->[com.payumoney.core:payumoney-sdk:7.6.0] AndroidManifest.xml:30:9-48
53        <activity android:name="com.ksbm_astroexpert.Chat.activity.OrderHistory_Activity" />
53-->src\main\AndroidManifest.xml:36:9-82
53-->src\main\AndroidManifest.xml:36:19-70
54        <activity android:name="com.ksbm_astroexpert.ui.ShareJourney" />
54-->src\main\AndroidManifest.xml:37:9-53
54-->src\main\AndroidManifest.xml:37:19-50
55        <activity android:name="com.ksbm_astroexpert.ui.Astrodetails.SlidingAstroDetailsLIst" />
55-->src\main\AndroidManifest.xml:38:9-77
55-->src\main\AndroidManifest.xml:38:19-74
56
57        <service
57-->src\main\AndroidManifest.xml:39:9-40:43
58            android:name="com.ksbm_astroexpert.Astrologer.OnClearFromRecentService"
58-->src\main\AndroidManifest.xml:39:18-69
59            android:stopWithTask="false" />
59-->src\main\AndroidManifest.xml:40:13-41
60
61        <activity
61-->src\main\AndroidManifest.xml:41:9-42:52
62            android:name="com.ksbm_astroexpert.Chat.RegisterUser"
62-->src\main\AndroidManifest.xml:41:19-52
63            android:screenOrientation="portrait" />
63-->src\main\AndroidManifest.xml:42:13-49
64        <activity
64-->src\main\AndroidManifest.xml:43:9-44:52
65            android:name="com.ksbm_astroexpert.Chat.RegisterUser1"
65-->src\main\AndroidManifest.xml:43:19-53
66            android:screenOrientation="portrait" />
66-->src\main\AndroidManifest.xml:44:13-49
67
68        <receiver
68-->src\main\AndroidManifest.xml:47:9-53:20
69            android:name="com.ksbm_astroexpert.InternetCheck.ConnectivityReceiver"
69-->src\main\AndroidManifest.xml:48:13-63
70            android:label="NoInternetConnection" >
70-->src\main\AndroidManifest.xml:49:13-49
71            <intent-filter>
71-->src\main\AndroidManifest.xml:50:13-52:29
72                <action android:name="android.net.conn.CONNECTIVITY_CHANGE" />
72-->src\main\AndroidManifest.xml:51:17-79
72-->src\main\AndroidManifest.xml:51:25-76
73            </intent-filter>
74        </receiver>
75
76        <!--
77            <intent-filter>
78                <action android:name="android.intent.action.MAIN"/>
79                <category android:name="android.intent.category.LAUNCHER"/>
80            </intent-filter>
81        -->
82        <!-- </activity> -->
83        <activity
83-->src\main\AndroidManifest.xml:62:9-63:52
84            android:name="com.ksbm_astroexpert.ui.home.EnquiryME"
84-->src\main\AndroidManifest.xml:62:19-52
85            android:screenOrientation="portrait" />
85-->src\main\AndroidManifest.xml:63:13-49
86        <activity
86-->src\main\AndroidManifest.xml:65:9-66:52
87            android:name="com.ksbm_astroexpert.Astrologer.ProfileUpdate"
87-->src\main\AndroidManifest.xml:65:19-59
88            android:screenOrientation="portrait" />
88-->src\main\AndroidManifest.xml:66:13-49
89        <activity
89-->src\main\AndroidManifest.xml:67:9-68:52
90            android:name="com.ksbm_astroexpert.ui.home.TestimonialMain"
90-->src\main\AndroidManifest.xml:67:19-58
91            android:screenOrientation="portrait" />
91-->src\main\AndroidManifest.xml:68:13-49
92        <activity
92-->src\main\AndroidManifest.xml:69:9-70:52
93            android:name="com.ksbm_astroexpert.ui.Setting.Settings"
93-->src\main\AndroidManifest.xml:69:19-54
94            android:screenOrientation="portrait" />
94-->src\main\AndroidManifest.xml:70:13-49
95        <activity
95-->src\main\AndroidManifest.xml:71:9-72:52
96            android:name="com.ksbm_astroexpert.ui.RemidesDetails.RemidesDetails"
96-->src\main\AndroidManifest.xml:71:19-67
97            android:screenOrientation="portrait" />
97-->src\main\AndroidManifest.xml:72:13-49
98        <activity
98-->src\main\AndroidManifest.xml:73:9-74:52
99            android:name="com.ksbm_astroexpert.ui.home.Testimonials"
99-->src\main\AndroidManifest.xml:73:19-55
100            android:screenOrientation="portrait" />
100-->src\main\AndroidManifest.xml:74:13-49
101        <activity
101-->src\main\AndroidManifest.xml:75:9-76:52
102            android:name="com.ksbm_astroexpert.ui.Review.ADDRatting"
102-->src\main\AndroidManifest.xml:75:19-55
103            android:screenOrientation="portrait" />
103-->src\main\AndroidManifest.xml:76:13-49
104        <activity
104-->src\main\AndroidManifest.xml:77:9-78:52
105            android:name="com.ksbm_astroexpert.Chat.Chatactivitypro"
105-->src\main\AndroidManifest.xml:77:19-55
106            android:screenOrientation="portrait" />
106-->src\main\AndroidManifest.xml:78:13-49
107        <activity
107-->src\main\AndroidManifest.xml:79:9-80:52
108            android:name="com.ksbm_astroexpert.Support.Supportchat"
108-->src\main\AndroidManifest.xml:79:19-54
109            android:screenOrientation="portrait" />
109-->src\main\AndroidManifest.xml:80:13-49
110        <activity
110-->src\main\AndroidManifest.xml:81:9-82:52
111            android:name="com.ksbm_astroexpert.ui.home.UserProfile"
111-->src\main\AndroidManifest.xml:81:19-54
112            android:screenOrientation="portrait" />
112-->src\main\AndroidManifest.xml:82:13-49
113        <activity
113-->src\main\AndroidManifest.xml:83:9-84:52
114            android:name="com.ksbm_astroexpert.ui.home.ViewAllAstrologer"
114-->src\main\AndroidManifest.xml:83:19-60
115            android:screenOrientation="portrait" />
115-->src\main\AndroidManifest.xml:84:13-49
116        <activity
116-->src\main\AndroidManifest.xml:85:9-86:52
117            android:name="com.ksbm_astroexpert.ui.Wallet.RechargeWallet"
117-->src\main\AndroidManifest.xml:85:19-59
118            android:screenOrientation="portrait" />
118-->src\main\AndroidManifest.xml:86:13-49
119        <activity
119-->src\main\AndroidManifest.xml:87:9-88:52
120            android:name="com.ksbm_astroexpert.ui.Astrodetails.Astrologerdetails"
120-->src\main\AndroidManifest.xml:87:19-68
121            android:screenOrientation="portrait" />
121-->src\main\AndroidManifest.xml:88:13-49
122        <activity
122-->src\main\AndroidManifest.xml:89:9-90:52
123            android:name="com.ksbm_astroexpert.Astrologer.Astrologer"
123-->src\main\AndroidManifest.xml:89:19-56
124            android:screenOrientation="portrait" />
124-->src\main\AndroidManifest.xml:90:13-49
125        <activity
125-->src\main\AndroidManifest.xml:91:9-98:20
126            android:name="com.ksbm_astroexpert.ui.splash.SplashActivity"
126-->src\main\AndroidManifest.xml:91:19-59
127            android:screenOrientation="portrait" >
127-->src\main\AndroidManifest.xml:92:13-49
128            <intent-filter>
128-->src\main\AndroidManifest.xml:93:13-97:29
129                <action android:name="android.intent.action.MAIN" />
129-->src\main\AndroidManifest.xml:94:17-69
129-->src\main\AndroidManifest.xml:94:25-66
130
131                <category android:name="android.intent.category.LAUNCHER" />
131-->src\main\AndroidManifest.xml:96:17-77
131-->src\main\AndroidManifest.xml:96:27-74
132            </intent-filter>
133        </activity>
134        <activity
134-->src\main\AndroidManifest.xml:99:9-102:52
135            android:name="com.ksbm_astroexpert.ui.signup.SignUpActivity"
135-->src\main\AndroidManifest.xml:100:13-53
136            android:exported="false"
136-->src\main\AndroidManifest.xml:101:13-37
137            android:screenOrientation="portrait" />
137-->src\main\AndroidManifest.xml:102:13-49
138        <activity
138-->src\main\AndroidManifest.xml:104:9-106:51
139            android:name="com.ksbm_astroexpert.Astrologer.CallRequest.Call_request"
139-->src\main\AndroidManifest.xml:104:19-70
140            android:exported="false"
140-->src\main\AndroidManifest.xml:105:13-37
141            android:screenOrientation="portrait" />
141-->src\main\AndroidManifest.xml:106:13-49
142        <activity
142-->src\main\AndroidManifest.xml:107:9-110:52
143            android:name="com.ksbm_astroexpert.ui.signin.SignInActivity"
143-->src\main\AndroidManifest.xml:108:13-53
144            android:exported="false"
144-->src\main\AndroidManifest.xml:109:13-37
145            android:screenOrientation="portrait" />
145-->src\main\AndroidManifest.xml:110:13-49
146        <activity
146-->src\main\AndroidManifest.xml:111:9-114:52
147            android:name="com.ksbm_astroexpert.ui.otpverification.OTPVerificationActivity"
147-->src\main\AndroidManifest.xml:112:13-71
148            android:exported="false"
148-->src\main\AndroidManifest.xml:113:13-37
149            android:screenOrientation="portrait" />
149-->src\main\AndroidManifest.xml:114:13-49
150        <activity
150-->src\main\AndroidManifest.xml:115:9-118:52
151            android:name="com.ksbm_astroexpert.ui.home.HomeActivity"
151-->src\main\AndroidManifest.xml:116:13-49
152            android:exported="false"
152-->src\main\AndroidManifest.xml:117:13-37
153            android:screenOrientation="portrait" />
153-->src\main\AndroidManifest.xml:118:13-49
154        <activity
154-->src\main\AndroidManifest.xml:119:9-122:52
155            android:name="com.ksbm_astroexpert.notification.NotificationActivity"
155-->src\main\AndroidManifest.xml:120:13-62
156            android:exported="false"
156-->src\main\AndroidManifest.xml:121:13-37
157            android:screenOrientation="portrait" />
157-->src\main\AndroidManifest.xml:122:13-49
158        <activity
158-->src\main\AndroidManifest.xml:123:9-126:52
159            android:name="com.ksbm_astroexpert.ui.about.AboutActivity"
159-->src\main\AndroidManifest.xml:124:13-51
160            android:exported="false"
160-->src\main\AndroidManifest.xml:125:13-37
161            android:screenOrientation="portrait" />
161-->src\main\AndroidManifest.xml:126:13-49
162        <activity
162-->src\main\AndroidManifest.xml:127:9-130:52
163            android:name="com.ksbm_astroexpert.ui.faqs.FAQsActivity"
163-->src\main\AndroidManifest.xml:128:13-49
164            android:exported="false"
164-->src\main\AndroidManifest.xml:129:13-37
165            android:screenOrientation="portrait" />
165-->src\main\AndroidManifest.xml:130:13-49
166        <activity
166-->src\main\AndroidManifest.xml:131:9-134:52
167            android:name="com.ksbm_astroexpert.ui.howorks.HowItWorksActivity"
167-->src\main\AndroidManifest.xml:132:13-58
168            android:exported="false"
168-->src\main\AndroidManifest.xml:133:13-37
169            android:screenOrientation="portrait" />
169-->src\main\AndroidManifest.xml:134:13-49
170        <activity
170-->src\main\AndroidManifest.xml:135:9-138:52
171            android:name="com.ksbm_astroexpert.ui.contactus.ContactUsActivity"
171-->src\main\AndroidManifest.xml:136:13-59
172            android:exported="false"
172-->src\main\AndroidManifest.xml:137:13-37
173            android:screenOrientation="portrait" />
173-->src\main\AndroidManifest.xml:138:13-49
174        <activity
174-->src\main\AndroidManifest.xml:139:9-142:52
175            android:name="com.ksbm_astroexpert.ui.privacy.PrivacyPolicyActivity"
175-->src\main\AndroidManifest.xml:140:13-61
176            android:exported="false"
176-->src\main\AndroidManifest.xml:141:13-37
177            android:screenOrientation="portrait" />
177-->src\main\AndroidManifest.xml:142:13-49
178        <activity
178-->src\main\AndroidManifest.xml:143:9-146:52
179            android:name="com.ksbm_astroexpert.ui.blog.BlogDetailActivity"
179-->src\main\AndroidManifest.xml:144:13-55
180            android:exported="false"
180-->src\main\AndroidManifest.xml:145:13-37
181            android:screenOrientation="portrait" />
181-->src\main\AndroidManifest.xml:146:13-49
182        <activity
182-->src\main\AndroidManifest.xml:147:9-151:57
183            android:name="com.ksbm_astroexpert.ui.search.SearchActivity"
183-->src\main\AndroidManifest.xml:148:13-53
184            android:exported="false"
184-->src\main\AndroidManifest.xml:149:13-37
185            android:screenOrientation="portrait"
185-->src\main\AndroidManifest.xml:150:13-49
186            android:windowSoftInputMode="stateHidden" />
186-->src\main\AndroidManifest.xml:151:13-54
187
188        <receiver
188-->src\main\AndroidManifest.xml:153:9-160:20
189            android:name="com.ksbm_astroexpert.ui.otpverification.MySMSBroadCastReceiver"
189-->src\main\AndroidManifest.xml:154:13-70
190            android:exported="true"
190-->src\main\AndroidManifest.xml:155:13-36
191            android:permission="com.google.android.gms.auth.api.phone.permission.SEND" >
191-->src\main\AndroidManifest.xml:156:13-87
192            <intent-filter>
192-->src\main\AndroidManifest.xml:157:13-159:29
193                <action android:name="com.google.android.gms.auth.api.phone.SMS_RETRIEVED" />
193-->src\main\AndroidManifest.xml:158:17-94
193-->src\main\AndroidManifest.xml:158:25-91
194            </intent-filter>
195        </receiver>
196
197        <activity
197-->src\main\AndroidManifest.xml:162:9-165:52
198            android:name="com.ksbm_astroexpert.ui.agentprofile.AgentProfileActivity"
198-->src\main\AndroidManifest.xml:163:13-65
199            android:exported="false"
199-->src\main\AndroidManifest.xml:164:13-37
200            android:screenOrientation="portrait" />
200-->src\main\AndroidManifest.xml:165:13-49
201        <activity
201-->src\main\AndroidManifest.xml:166:9-167:52
202            android:name="com.ksbm_astroexpert.Chat.MainActivityChat"
202-->src\main\AndroidManifest.xml:166:19-56
203            android:screenOrientation="portrait" />
203-->src\main\AndroidManifest.xml:167:13-49
204        <activity
204-->src\main\AndroidManifest.xml:168:9-175:20
205            android:name="com.ksbm_astroexpert.Chat.activity.ProfileActivity"
205-->src\main\AndroidManifest.xml:168:19-64
206            android:screenOrientation="portrait" >
206-->src\main\AndroidManifest.xml:169:13-49
207            <intent-filter>
207-->src\main\AndroidManifest.xml:170:13-174:29
208                <action android:name="com.webdealsoft.moodsapp_PROFILE_TARGET_NOTIFICATION" />
208-->src\main\AndroidManifest.xml:171:17-95
208-->src\main\AndroidManifest.xml:171:25-92
209
210                <category android:name="android.intent.category.DEFAULT" />
210-->src\main\AndroidManifest.xml:173:17-76
210-->src\main\AndroidManifest.xml:173:27-73
211            </intent-filter>
212        </activity>
213        <activity
213-->src\main\AndroidManifest.xml:176:9-179:52
214            android:name="com.ksbm_astroexpert.Chat.activity.UsersActivity"
214-->src\main\AndroidManifest.xml:177:13-56
215            android:parentActivityName="com.ksbm_astroexpert.Chat.MainActivityChat"
215-->src\main\AndroidManifest.xml:178:13-64
216            android:screenOrientation="portrait" />
216-->src\main\AndroidManifest.xml:179:13-49
217        <activity
217-->src\main\AndroidManifest.xml:180:9-190:20
218            android:name="com.ksbm_astroexpert.Chat.activity.ChatActivity"
218-->src\main\AndroidManifest.xml:181:13-55
219            android:parentActivityName="com.ksbm_astroexpert.Chat.MainActivityChat"
219-->src\main\AndroidManifest.xml:182:13-64
220            android:screenOrientation="portrait" >
220-->src\main\AndroidManifest.xml:183:13-49
221            <intent-filter>
221-->src\main\AndroidManifest.xml:185:13-189:29
222                <action android:name="_CHAT_TARGET_NOTIFICATION" />
222-->src\main\AndroidManifest.xml:186:17-68
222-->src\main\AndroidManifest.xml:186:25-65
223
224                <category android:name="android.intent.category.HOME" />
224-->src\main\AndroidManifest.xml:187:17-73
224-->src\main\AndroidManifest.xml:187:27-70
225                <category android:name="android.intent.category.DEFAULT" />
225-->src\main\AndroidManifest.xml:173:17-76
225-->src\main\AndroidManifest.xml:173:27-73
226            </intent-filter>
227        </activity>
228        <activity android:name="com.ksbm_astroexpert.Chat.activity.FullScreenActivity" />
228-->src\main\AndroidManifest.xml:191:9-70
228-->src\main\AndroidManifest.xml:191:19-67
229        <activity
229-->src\main\AndroidManifest.xml:192:9-193:52
230            android:name="com.ksbm_astroexpert.ui.Wallet.Wallethistory"
230-->src\main\AndroidManifest.xml:192:19-58
231            android:screenOrientation="portrait" />
231-->src\main\AndroidManifest.xml:193:13-49
232        <activity android:name="com.ksbm_astroexpert.ui.home.JourneyCategory" />
232-->src\main\AndroidManifest.xml:194:9-61
232-->src\main\AndroidManifest.xml:194:19-58
233        <!--
234   <service android:name=".FCM.FCMService">
235            <intent-filter>
236                <action android:name="com.google.firebase.MESSAGING_EVENT" />
237            </intent-filter>
238        </service>
239        -->
240        <activity
240-->src\main\AndroidManifest.xml:202:9-208:70
241            android:name="com.ksbm_astroexpert.notification.NotificationDialog"
241-->src\main\AndroidManifest.xml:203:13-60
242            android:configChanges="keyboardHidden|orientation|screenSize"
242-->src\main\AndroidManifest.xml:204:13-74
243            android:launchMode="singleInstance"
243-->src\main\AndroidManifest.xml:205:13-48
244            android:screenOrientation="portrait"
244-->src\main\AndroidManifest.xml:207:13-49
245            android:theme="@android:style/Theme.Dialog"
245-->src\main\AndroidManifest.xml:206:13-56
246            android:windowSoftInputMode="adjustResize|stateHidden" />
246-->src\main\AndroidManifest.xml:208:13-67
247        <activity
247-->src\main\AndroidManifest.xml:209:9-215:70
248            android:name="com.ksbm_astroexpert.notification.NotificationCallsDialog"
248-->src\main\AndroidManifest.xml:210:13-65
249            android:configChanges="keyboardHidden|orientation|screenSize"
249-->src\main\AndroidManifest.xml:211:13-74
250            android:launchMode="singleInstance"
250-->src\main\AndroidManifest.xml:212:13-48
251            android:screenOrientation="portrait"
251-->src\main\AndroidManifest.xml:214:13-49
252            android:theme="@android:style/Theme.Dialog"
252-->src\main\AndroidManifest.xml:213:13-56
253            android:windowSoftInputMode="adjustResize|stateHidden" />
253-->src\main\AndroidManifest.xml:215:13-67
254
255        <service android:name="com.ksbm_astroexpert.notification.MyFirebaseMessagingService" >
255-->src\main\AndroidManifest.xml:217:9-221:19
255-->src\main\AndroidManifest.xml:217:18-73
256            <intent-filter>
256-->src\main\AndroidManifest.xml:218:13-220:29
257                <action android:name="com.google.firebase.MESSAGING_EVENT" />
257-->src\main\AndroidManifest.xml:219:17-78
257-->src\main\AndroidManifest.xml:219:25-75
258            </intent-filter>
259        </service>
260
261        <meta-data
261-->src\main\AndroidManifest.xml:223:9-225:55
262            android:name="com.razorpay.ApiKey"
262-->src\main\AndroidManifest.xml:224:13-47
263            android:value="rzp_test_s3oxLIxxZxksxM" />
263-->src\main\AndroidManifest.xml:225:13-52
264
265        <receiver android:name="com.razorpay.RzpTokenReceiver" >
265-->[com.razorpay:checkout:1.5.16] AndroidManifest.xml:12:9-16:20
265-->[com.razorpay:checkout:1.5.16] AndroidManifest.xml:12:19-63
266            <intent-filter>
266-->[com.razorpay:checkout:1.5.16] AndroidManifest.xml:13:13-15:29
267                <action android:name="rzp.device_token.share" />
267-->[com.razorpay:checkout:1.5.16] AndroidManifest.xml:14:17-65
267-->[com.razorpay:checkout:1.5.16] AndroidManifest.xml:14:25-62
268            </intent-filter>
269        </receiver>
270
271        <activity
271-->[com.razorpay:checkout:1.5.16] AndroidManifest.xml:18:9-29:20
272            android:name="com.razorpay.CheckoutActivity"
272-->[com.razorpay:checkout:1.5.16] AndroidManifest.xml:19:13-57
273            android:configChanges="keyboard|keyboardHidden|orientation|screenSize"
273-->[com.razorpay:checkout:1.5.16] AndroidManifest.xml:20:13-83
274            android:theme="@style/CheckoutTheme" >
274-->[com.razorpay:checkout:1.5.16] AndroidManifest.xml:21:13-49
275            <intent-filter>
275-->[com.razorpay:checkout:1.5.16] AndroidManifest.xml:22:13-28:29
276                <action android:name="android.intent.action.MAIN" />
276-->src\main\AndroidManifest.xml:94:17-69
276-->src\main\AndroidManifest.xml:94:25-66
277
278                <data
278-->[com.razorpay:checkout:1.5.16] AndroidManifest.xml:25:17-27:47
279                    android:host="rzp.io"
279-->[com.razorpay:checkout:1.5.16] AndroidManifest.xml:26:21-42
280                    android:scheme="io.rzp" />
280-->[com.razorpay:checkout:1.5.16] AndroidManifest.xml:27:21-44
281            </intent-filter>
282        </activity>
283        <activity
283-->[com.payumoney.sdkui:plug-n-play:1.6.0] AndroidManifest.xml:19:9-24:55
284            android:name="com.payumoney.sdkui.ui.activities.PayUmoneyActivity"
284-->[com.payumoney.sdkui:plug-n-play:1.6.0] AndroidManifest.xml:20:13-79
285            android:label="@string/title_activity_citrus"
285-->[com.payumoney.sdkui:plug-n-play:1.6.0] AndroidManifest.xml:21:13-58
286            android:screenOrientation="portrait"
286-->[com.payumoney.sdkui:plug-n-play:1.6.0] AndroidManifest.xml:22:13-49
287            android:theme="@style/PayumoneyAppTheme"
287-->[com.payumoney.sdkui:plug-n-play:1.6.0] AndroidManifest.xml:23:13-53
288            android:windowSoftInputMode="adjustPan" />
288-->[com.payumoney.sdkui:plug-n-play:1.6.0] AndroidManifest.xml:24:13-52
289        <activity
289-->[com.payumoney.sdkui:plug-n-play:1.6.0] AndroidManifest.xml:25:9-28:56
290            android:name="com.payumoney.sdkui.ui.activities.ReviewOrderActivity"
290-->[com.payumoney.sdkui:plug-n-play:1.6.0] AndroidManifest.xml:26:13-81
291            android:screenOrientation="portrait"
291-->[com.payumoney.sdkui:plug-n-play:1.6.0] AndroidManifest.xml:27:13-49
292            android:theme="@style/PayumoneyAppTheme" />
292-->[com.payumoney.sdkui:plug-n-play:1.6.0] AndroidManifest.xml:28:13-53
293        <activity
293-->[com.payumoney.core:payumoney-sdk:7.6.0] AndroidManifest.xml:31:9-34:72
294            android:name="com.payumoney.core.SdkWebViewActivityNew"
294-->[com.payumoney.core:payumoney-sdk:7.6.0] AndroidManifest.xml:32:13-68
295            android:screenOrientation="portrait"
295-->[com.payumoney.core:payumoney-sdk:7.6.0] AndroidManifest.xml:33:13-49
296            android:theme="@style/Theme.AppCompat.Light.NoActionBar" />
296-->[com.payumoney.core:payumoney-sdk:7.6.0] AndroidManifest.xml:34:13-69
297        <activity
297-->[com.payumoney.core:payumoney-sdk:7.6.0] AndroidManifest.xml:35:9-40:59
298            android:name="com.payu.custombrowser.CBActivity"
298-->[com.payumoney.core:payumoney-sdk:7.6.0] AndroidManifest.xml:36:13-61
299            android:screenOrientation="portrait"
299-->[com.payumoney.core:payumoney-sdk:7.6.0] AndroidManifest.xml:37:13-49
300            android:theme="@style/Theme.AppCompat"
300-->[com.payumoney.core:payumoney-sdk:7.6.0] AndroidManifest.xml:38:13-51
301            android:windowSoftInputMode="stateAlwaysHidden" />
301-->[com.payumoney.core:payumoney-sdk:7.6.0] AndroidManifest.xml:39:13-60
302
303        <service android:name="com.payu.custombrowser.services.SnoozeService" />
303-->[com.payu.custombrowser:payu-custom-browser:7.5.1] AndroidManifest.xml:23:9-81
303-->[com.payu.custombrowser:payu-custom-browser:7.5.1] AndroidManifest.xml:23:18-78
304
305        <activity android:name="com.payu.custombrowser.PreLollipopPaymentsActivity" >
305-->[com.payu.custombrowser:payu-custom-browser:7.5.1] AndroidManifest.xml:25:9-42:20
305-->[com.payu.custombrowser:payu-custom-browser:7.5.1] AndroidManifest.xml:25:19-84
306            <intent-filter>
306-->[com.payu.custombrowser:payu-custom-browser:7.5.1] AndroidManifest.xml:26:13-33:29
307                <data android:scheme="com.ksbm_astroexpert.success" />
307-->[com.razorpay:checkout:1.5.16] AndroidManifest.xml:25:17-27:47
307-->[com.razorpay:checkout:1.5.16] AndroidManifest.xml:27:21-44
308
309                <action android:name="android.intent.action.VIEW" />
309-->[com.payu.custombrowser:payu-custom-browser:7.5.1] AndroidManifest.xml:29:17-69
309-->[com.payu.custombrowser:payu-custom-browser:7.5.1] AndroidManifest.xml:29:25-66
310
311                <category android:name="android.intent.category.DEFAULT" />
311-->src\main\AndroidManifest.xml:173:17-76
311-->src\main\AndroidManifest.xml:173:27-73
312                <category android:name="android.intent.category.BROWSABLE" />
312-->[com.payu.custombrowser:payu-custom-browser:7.5.1] AndroidManifest.xml:32:17-78
312-->[com.payu.custombrowser:payu-custom-browser:7.5.1] AndroidManifest.xml:32:27-75
313            </intent-filter>
314            <intent-filter>
314-->[com.payu.custombrowser:payu-custom-browser:7.5.1] AndroidManifest.xml:34:13-41:29
315                <data android:scheme="com.ksbm_astroexpert.failure" />
315-->[com.razorpay:checkout:1.5.16] AndroidManifest.xml:25:17-27:47
315-->[com.razorpay:checkout:1.5.16] AndroidManifest.xml:27:21-44
316
317                <action android:name="android.intent.action.VIEW" />
317-->[com.payu.custombrowser:payu-custom-browser:7.5.1] AndroidManifest.xml:29:17-69
317-->[com.payu.custombrowser:payu-custom-browser:7.5.1] AndroidManifest.xml:29:25-66
318
319                <category android:name="android.intent.category.DEFAULT" />
319-->src\main\AndroidManifest.xml:173:17-76
319-->src\main\AndroidManifest.xml:173:27-73